<testsuites id="" name="" tests="2" failures="0" skipped="0" errors="0" time="17.069373">
<testsuite name="spec/flightSearch.spec.ts" timestamp="2025-03-13T05:16:55.284Z" hostname="Desktop Chrome" tests="2" failures="0" skipped="0" time="15.109" errors="0">
<testcase name="Flight Search Tests › Verify flights from DEL to BOM are displayed for today" classname="spec/flightSearch.spec.ts" time="7.273">
<system-out>
<![CDATA[Search request completed with status: 200

[[ATTACHMENT|spec-flightSearch-Flight-S-dd9da-BOM-are-displayed-for-today-Desktop-Chrome/video.webm]]

[[ATTACHMENT|spec-flightSearch-Flight-S-dd9da-BOM-are-displayed-for-today-Desktop-Chrome/trace.zip]]
]]>
</system-out>
</testcase>
<testcase name="Flight Search Tests › Verify flights from DEL to BOM are displayed for tomorrow" classname="spec/flightSearch.spec.ts" time="7.836">
<system-out>
<![CDATA[Search request completed with status: 200

[[ATTACHMENT|spec-flightSearch-Flight-S-e1aa2--are-displayed-for-tomorrow-Desktop-Chrome/video.webm]]

[[ATTACHMENT|spec-flightSearch-Flight-S-e1aa2--are-displayed-for-tomorrow-Desktop-Chrome/trace.zip]]
]]>
</system-out>
</testcase>
</testsuite>
</testsuites>